<?xml version="1.0" encoding="UTF-8"?>
<!-- Generated by org.testng.reporters.JUnitXMLReporter -->
<testsuite hostname="BHAGYESH-VAIO" ignored="0" name="Test" tests="22" failures="1" timestamp="2022-08-13T13:42:31 IST" time="469.412" errors="0">
  <testcase name="login_WishupApp" time="62.088" classname="loginTest_WU.LoginTests">
    <failure type="org.openqa.selenium.NoSuchElementException" message="no such element: Unable to locate element: {&amp;quot;method&amp;quot;:&amp;quot;css selector&amp;quot;,&amp;quot;selector&amp;quot;:&amp;quot;div[class=&amp;apos;right menu&amp;apos;] div[class=&amp;apos;ui simple dropdown item&amp;apos;]&amp;quot;}
  (Session info: chrome=104.0.5112.81)
For documentation on this error, please visit: https://selenium.dev/exceptions/#no_such_element
Build info: version: &amp;apos;4.0.0&amp;apos;, revision: &amp;apos;3a21814679&amp;apos;
System info: host: &amp;apos;BHAGYESH-VAIO&amp;apos;, ip: &amp;apos;192.168.43.10&amp;apos;, os.name: &amp;apos;Windows 10&amp;apos;, os.arch: &amp;apos;amd64&amp;apos;, os.version: &amp;apos;10.0&amp;apos;, java.version: &amp;apos;1.8.0_311&amp;apos;
Driver info: org.openqa.selenium.chrome.ChromeDriver
Command: [aa8ba695476b284ddb7e1eceb0536adc, findElement {using=css selector, value=div[class=&amp;apos;right menu&amp;apos;] div[class=&amp;apos;ui simple dropdown item&amp;apos;]}]
Capabilities {acceptInsecureCerts: false, browserName: chrome, browserVersion: 104.0.5112.81, chrome: {chromedriverVersion: 104.0.5112.79 (3cf3e8c8a07d..., userDataDir: C:\Users\bwagh\AppData\Loca...}, goog:chromeOptions: {debuggerAddress: localhost:57897}, javascriptEnabled: true, networkConnectionEnabled: false, pageLoadStrategy: normal, platform: WINDOWS, platformName: WINDOWS, proxy: Proxy(), se:cdp: ws://localhost:57897/devtoo..., se:cdpVersion: 104.0.5112.81, setWindowRect: true, strictFileInteractability: false, timeouts: {implicit: 0, pageLoad: 300000, script: 30000}, unhandledPromptBehavior: dismiss and notify, webauthn:extension:credBlob: true, webauthn:extension:largeBlob: true, webauthn:virtualAuthenticators: true}
Session ID: aa8ba695476b284ddb7e1eceb0536adc">
      <![CDATA[org.openqa.selenium.NoSuchElementException: no such element: Unable to locate element: {"method":"css selector","selector":"div[class='right menu'] div[class='ui simple dropdown item']"}
  (Session info: chrome=104.0.5112.81)
For documentation on this error, please visit: https://selenium.dev/exceptions/#no_such_element
Build info: version: '4.0.0', revision: '3a21814679'
System info: host: 'BHAGYESH-VAIO', ip: '192.168.43.10', os.name: 'Windows 10', os.arch: 'amd64', os.version: '10.0', java.version: '1.8.0_311'
Driver info: org.openqa.selenium.chrome.ChromeDriver
Command: [aa8ba695476b284ddb7e1eceb0536adc, findElement {using=css selector, value=div[class='right menu'] div[class='ui simple dropdown item']}]
Capabilities {acceptInsecureCerts: false, browserName: chrome, browserVersion: 104.0.5112.81, chrome: {chromedriverVersion: 104.0.5112.79 (3cf3e8c8a07d..., userDataDir: C:\Users\bwagh\AppData\Loca...}, goog:chromeOptions: {debuggerAddress: localhost:57897}, javascriptEnabled: true, networkConnectionEnabled: false, pageLoadStrategy: normal, platform: WINDOWS, platformName: WINDOWS, proxy: Proxy(), se:cdp: ws://localhost:57897/devtoo..., se:cdpVersion: 104.0.5112.81, setWindowRect: true, strictFileInteractability: false, timeouts: {implicit: 0, pageLoad: 300000, script: 30000}, unhandledPromptBehavior: dismiss and notify, webauthn:extension:credBlob: true, webauthn:extension:largeBlob: true, webauthn:virtualAuthenticators: true}
Session ID: aa8ba695476b284ddb7e1eceb0536adc
at org.openqa.selenium.remote.codec.w3c.W3CHttpResponseCodec.createException(W3CHttpResponseCodec.java:200)
at org.openqa.selenium.remote.codec.w3c.W3CHttpResponseCodec.decode(W3CHttpResponseCodec.java:133)
at org.openqa.selenium.remote.codec.w3c.W3CHttpResponseCodec.decode(W3CHttpResponseCodec.java:53)
at org.openqa.selenium.remote.HttpCommandExecutor.execute(HttpCommandExecutor.java:184)
at org.openqa.selenium.remote.service.DriverCommandExecutor.invokeExecute(DriverCommandExecutor.java:164)
at org.openqa.selenium.remote.service.DriverCommandExecutor.execute(DriverCommandExecutor.java:139)
at org.openqa.selenium.remote.RemoteWebDriver.execute(RemoteWebDriver.java:559)
at org.openqa.selenium.remote.ElementLocation$ElementFinder$2.findElement(ElementLocation.java:162)
at org.openqa.selenium.remote.ElementLocation.findElement(ElementLocation.java:60)
at org.openqa.selenium.remote.RemoteWebDriver.findElement(RemoteWebDriver.java:383)
at org.openqa.selenium.remote.RemoteWebDriver.findElement(RemoteWebDriver.java:375)
at org.openqa.selenium.support.pagefactory.DefaultElementLocator.findElement(DefaultElementLocator.java:70)
at org.openqa.selenium.support.pagefactory.internal.LocatingElementHandler.invoke(LocatingElementHandler.java:39)
at com.sun.proxy.$Proxy18.getText(Unknown Source)
at loginPage_WU.LoginPage.getUserProfileText(LoginPage.java:107)
at loginTest_WU.LoginTests.login_WishupApp(LoginTests.java:63)
at java.util.ArrayList.forEach(ArrayList.java:1259)
... Removed 31 stack frames]]>
    </failure>
  </testcase> <!-- login_WishupApp -->
  <testcase name="login_WishupApp" time="5.052" classname="loginTest_WU.LoginTests"/>
  <testcase name="login_WishupApp" time="11.709" classname="loginTest_WU.LoginTests"/>
  <testcase name="login_WishupApp" time="8.839" classname="loginTest_WU.LoginTests"/>
  <testcase name="WishUp_login_without_Cred" time="4.885" classname="loginTest_WU.LoginTests"/>
  <testcase name="test_PageUrl_Validation" time="0.014" classname="loginTest_WU.LoginTests"/>
  <testcase name="test_pageTitle_Validation" time="0.017" classname="loginTest_WU.LoginTests"/>
  <testcase name="test_SignupBtn_validation" time="7.302" classname="loginTest_WU.LoginTests"/>
  <testcase name="test_isUserNameFieldDisplayed" time="0.059" classname="loginTest_WU.LoginTests"/>
  <testcase name="test_isPasswordFieldDisplayed" time="0.051" classname="loginTest_WU.LoginTests"/>
  <testcase name="test_isLoginBtnEnabled" time="0.041" classname="loginTest_WU.LoginTests"/>
  <testcase name="test_isForgotPwdLinkEnable" time="0.039" classname="loginTest_WU.LoginTests"/>
  <testcase name="test_isSingnupBtnDisplayed" time="0.07" classname="loginTest_WU.LoginTests"/>
  <testcase name="test_isSingnupLinkDisplayed" time="0.061" classname="loginTest_WU.LoginTests"/>
  <testcase name="test_isWishupLogoDisplayed" time="0.049" classname="loginTest_WU.LoginTests"/>
  <testcase name="test_isLoginLinkDisplayed" time="0.05" classname="loginTest_WU.LoginTests"/>
  <testcase name="test_isSignInWithGoogleEnabled" time="0.783" classname="loginTest_WU.LoginTests"/>
  <testcase name="test_isEmailLabelDisplayed" time="0.049" classname="loginTest_WU.LoginTests"/>
  <testcase name="test_isPasswordLabelDisplayed" time="0.047" classname="loginTest_WU.LoginTests"/>
  <testcase name="test_isLoginLabelDisplayed" time="0.06" classname="loginTest_WU.LoginTests"/>
  <testcase name="test_SignInWithGoogleLink" time="9.87" classname="loginTest_WU.LoginTests"/>
  <testcase name="test_ForgotPasswordLink" time="4.085" classname="loginTest_WU.LoginTests"/>
</testsuite> <!-- Test -->
