<html>
<head>
<title>TestNG:  Test</title>
<link href="../testng.css" rel="stylesheet" type="text/css" />
<link href="../my-testng.css" rel="stylesheet" type="text/css" />

<style type="text/css">
.log { display: none;} 
.stack-trace { display: none;} 
</style>
<script type="text/javascript">
<!--
function flip(e) {
  current = e.style.display;
  if (current == 'block') {
    e.style.display = 'none';
    return 0;
  }
  else {
    e.style.display = 'block';
    return 1;
  }
}

function toggleBox(szDivId, elem, msg1, msg2)
{
  var res = -1;  if (document.getElementById) {
    res = flip(document.getElementById(szDivId));
  }
  else if (document.all) {
    // this is the way old msie versions work
    res = flip(document.all[szDivId]);
  }
  if(elem) {
    if(res == 0) elem.innerHTML = msg1; else elem.innerHTML = msg2;
  }

}

function toggleAllBoxes() {
  if (document.getElementsByTagName) {
    d = document.getElementsByTagName('div');
    for (i = 0; i < d.length; i++) {
      if (d[i].className == 'log') {
        flip(d[i]);
      }
    }
  }
}

// -->
</script>

</head>
<body>
<h2 align='center'>Test</h2><table border='1' align="center">
<tr>
<td>Tests passed/Failed/Skipped:</td><td>21/1/0</td>
</tr><tr>
<td>Started on:</td><td>Sat Aug 13 13:34:41 IST 2022</td>
</tr>
<tr><td>Total time:</td><td>469 seconds (469412 ms)</td>
</tr><tr>
<td>Included groups:</td><td></td>
</tr><tr>
<td>Excluded groups:</td><td></td>
</tr>
</table><p/>
<small><i>(Hover the method name to see the test class name)</i></small><p/>
<table width='100%' border='1' class='invocation-failed'>
<tr><td colspan='4' align='center'><b>FAILED TESTS</b></td></tr>
<tr><td><b>Test method</b></td>
<td width="30%"><b>Exception</b></td>
<td width="10%"><b>Time (seconds)</b></td>
<td><b>Instance</b></td>
</tr>
<tr>
<td title='loginTest_WU.LoginTests.login_WishupApp()'><b>login_WishupApp</b><br>Test class: loginTest_WU.LoginTests<br>Parameters: wishup_testuser1@gmail.com, testpw1, valid log cred</td>
<td><div><pre>org.openqa.selenium.NoSuchElementException: no such element: Unable to locate element: {&quot;method&quot;:&quot;css selector&quot;,&quot;selector&quot;:&quot;div[class=&apos;right menu&apos;] div[class=&apos;ui simple dropdown item&apos;]&quot;}
  (Session info: chrome=104.0.5112.81)
For documentation on this error, please visit: https://selenium.dev/exceptions/#no_such_element
Build info: version: &apos;4.0.0&apos;, revision: &apos;3a21814679&apos;
System info: host: &apos;BHAGYESH-VAIO&apos;, ip: &apos;192.168.43.10&apos;, os.name: &apos;Windows 10&apos;, os.arch: &apos;amd64&apos;, os.version: &apos;10.0&apos;, java.version: &apos;1.8.0_311&apos;
Driver info: org.openqa.selenium.chrome.ChromeDriver
Command: [aa8ba695476b284ddb7e1eceb0536adc, findElement {using=css selector, value=div[class=&apos;right menu&apos;] div[class=&apos;ui simple dropdown item&apos;]}]
Capabilities {acceptInsecureCerts: false, browserName: chrome, browserVersion: 104.0.5112.81, chrome: {chromedriverVersion: 104.0.5112.79 (3cf3e8c8a07d..., userDataDir: C:\Users\bwagh\AppData\Loca...}, goog:chromeOptions: {debuggerAddress: localhost:57897}, javascriptEnabled: true, networkConnectionEnabled: false, pageLoadStrategy: normal, platform: WINDOWS, platformName: WINDOWS, proxy: Proxy(), se:cdp: ws://localhost:57897/devtoo..., se:cdpVersion: 104.0.5112.81, setWindowRect: true, strictFileInteractability: false, timeouts: {implicit: 0, pageLoad: 300000, script: 30000}, unhandledPromptBehavior: dismiss and notify, webauthn:extension:credBlob: true, webauthn:extension:largeBlob: true, webauthn:virtualAuthenticators: true}
Session ID: aa8ba695476b284ddb7e1eceb0536adc
	at org.openqa.selenium.remote.codec.w3c.W3CHttpResponseCodec.createException(W3CHttpResponseCodec.java:200)
	at org.openqa.selenium.remote.codec.w3c.W3CHttpResponseCodec.decode(W3CHttpResponseCodec.java:133)
	at org.openqa.selenium.remote.codec.w3c.W3CHttpResponseCodec.decode(W3CHttpResponseCodec.java:53)
	at org.openqa.selenium.remote.HttpCommandExecutor.execute(HttpCommandExecutor.java:184)
	at org.openqa.selenium.remote.service.DriverCommandExecutor.invokeExecute(DriverCommandExecutor.java:164)
	at org.openqa.selenium.remote.service.DriverCommandExecutor.execute(DriverCommandExecutor.java:139)
	at org.openqa.selenium.remote.RemoteWebDriver.execute(RemoteWebDriver.java:559)
	at org.openqa.selenium.remote.ElementLocation$ElementFinder$2.findElement(ElementLocation.java:162)
	at org.openqa.selenium.remote.ElementLocation.findElement(ElementLocation.java:60)
	at org.openqa.selenium.remote.RemoteWebDriver.findElement(RemoteWebDriver.java:383)
	at org.openqa.selenium.remote.RemoteWebDriver.findElement(RemoteWebDriver.java:375)
	at org.openqa.selenium.support.pagefactory.DefaultElementLocator.findElement(DefaultElementLocator.java:70)
	at org.openqa.selenium.support.pagefactory.internal.LocatingElementHandler.invoke(LocatingElementHandler.java:39)
	at com.sun.proxy.$Proxy18.getText(Unknown Source)
	at loginPage_WU.LoginPage.getUserProfileText(LoginPage.java:107)
	at loginTest_WU.LoginTests.login_WishupApp(LoginTests.java:63)
	at java.util.ArrayList.forEach(ArrayList.java:1259)
... Removed 31 stack frames</pre></div><a href='#' onClick='toggleBox("stack-trace893320639", this, "Click to show all stack frames", "Click to hide stack frames")'>Click to show all stack frames</a>
<div class='stack-trace' id='stack-trace893320639'><pre>org.openqa.selenium.NoSuchElementException: no such element: Unable to locate element: {&quot;method&quot;:&quot;css selector&quot;,&quot;selector&quot;:&quot;div[class=&apos;right menu&apos;] div[class=&apos;ui simple dropdown item&apos;]&quot;}
  (Session info: chrome=104.0.5112.81)
For documentation on this error, please visit: https://selenium.dev/exceptions/#no_such_element
Build info: version: &apos;4.0.0&apos;, revision: &apos;3a21814679&apos;
System info: host: &apos;BHAGYESH-VAIO&apos;, ip: &apos;192.168.43.10&apos;, os.name: &apos;Windows 10&apos;, os.arch: &apos;amd64&apos;, os.version: &apos;10.0&apos;, java.version: &apos;1.8.0_311&apos;
Driver info: org.openqa.selenium.chrome.ChromeDriver
Command: [aa8ba695476b284ddb7e1eceb0536adc, findElement {using=css selector, value=div[class=&apos;right menu&apos;] div[class=&apos;ui simple dropdown item&apos;]}]
Capabilities {acceptInsecureCerts: false, browserName: chrome, browserVersion: 104.0.5112.81, chrome: {chromedriverVersion: 104.0.5112.79 (3cf3e8c8a07d..., userDataDir: C:\Users\bwagh\AppData\Loca...}, goog:chromeOptions: {debuggerAddress: localhost:57897}, javascriptEnabled: true, networkConnectionEnabled: false, pageLoadStrategy: normal, platform: WINDOWS, platformName: WINDOWS, proxy: Proxy(), se:cdp: ws://localhost:57897/devtoo..., se:cdpVersion: 104.0.5112.81, setWindowRect: true, strictFileInteractability: false, timeouts: {implicit: 0, pageLoad: 300000, script: 30000}, unhandledPromptBehavior: dismiss and notify, webauthn:extension:credBlob: true, webauthn:extension:largeBlob: true, webauthn:virtualAuthenticators: true}
Session ID: aa8ba695476b284ddb7e1eceb0536adc
	at sun.reflect.NativeConstructorAccessorImpl.newInstance0(Native Method)
	at sun.reflect.NativeConstructorAccessorImpl.newInstance(NativeConstructorAccessorImpl.java:62)
	at sun.reflect.DelegatingConstructorAccessorImpl.newInstance(DelegatingConstructorAccessorImpl.java:45)
	at java.lang.reflect.Constructor.newInstance(Constructor.java:423)
	at org.openqa.selenium.remote.codec.w3c.W3CHttpResponseCodec.createException(W3CHttpResponseCodec.java:200)
	at org.openqa.selenium.remote.codec.w3c.W3CHttpResponseCodec.decode(W3CHttpResponseCodec.java:133)
	at org.openqa.selenium.remote.codec.w3c.W3CHttpResponseCodec.decode(W3CHttpResponseCodec.java:53)
	at org.openqa.selenium.remote.HttpCommandExecutor.execute(HttpCommandExecutor.java:184)
	at org.openqa.selenium.remote.service.DriverCommandExecutor.invokeExecute(DriverCommandExecutor.java:164)
	at org.openqa.selenium.remote.service.DriverCommandExecutor.execute(DriverCommandExecutor.java:139)
	at org.openqa.selenium.remote.RemoteWebDriver.execute(RemoteWebDriver.java:559)
	at org.openqa.selenium.remote.ElementLocation$ElementFinder$2.findElement(ElementLocation.java:162)
	at org.openqa.selenium.remote.ElementLocation.findElement(ElementLocation.java:60)
	at org.openqa.selenium.remote.RemoteWebDriver.findElement(RemoteWebDriver.java:383)
	at org.openqa.selenium.remote.RemoteWebDriver.findElement(RemoteWebDriver.java:375)
	at org.openqa.selenium.support.pagefactory.DefaultElementLocator.findElement(DefaultElementLocator.java:70)
	at org.openqa.selenium.support.pagefactory.internal.LocatingElementHandler.invoke(LocatingElementHandler.java:39)
	at com.sun.proxy.$Proxy18.getText(Unknown Source)
	at loginPage_WU.LoginPage.getUserProfileText(LoginPage.java:107)
	at loginTest_WU.LoginTests.login_WishupApp(LoginTests.java:63)
	at sun.reflect.NativeMethodAccessorImpl.invoke0(Native Method)
	at sun.reflect.NativeMethodAccessorImpl.invoke(NativeMethodAccessorImpl.java:62)
	at sun.reflect.DelegatingMethodAccessorImpl.invoke(DelegatingMethodAccessorImpl.java:43)
	at java.lang.reflect.Method.invoke(Method.java:498)
	at org.testng.internal.invokers.MethodInvocationHelper.invokeMethod(MethodInvocationHelper.java:135)
	at org.testng.internal.invokers.TestInvoker.invokeMethod(TestInvoker.java:673)
	at org.testng.internal.invokers.TestInvoker.invokeTestMethod(TestInvoker.java:220)
	at org.testng.internal.invokers.MethodRunner.runInSequence(MethodRunner.java:50)
	at org.testng.internal.invokers.TestInvoker$MethodInvocationAgent.invoke(TestInvoker.java:945)
	at org.testng.internal.invokers.TestInvoker.invokeTestMethods(TestInvoker.java:193)
	at org.testng.internal.invokers.TestMethodWorker.invokeTestMethods(TestMethodWorker.java:146)
	at org.testng.internal.invokers.TestMethodWorker.run(TestMethodWorker.java:128)
	at java.util.ArrayList.forEach(ArrayList.java:1259)
	at org.testng.TestRunner.privateRun(TestRunner.java:808)
	at org.testng.TestRunner.run(TestRunner.java:603)
	at org.testng.SuiteRunner.runTest(SuiteRunner.java:429)
	at org.testng.SuiteRunner.runSequentially(SuiteRunner.java:423)
	at org.testng.SuiteRunner.privateRun(SuiteRunner.java:383)
	at org.testng.SuiteRunner.run(SuiteRunner.java:326)
	at org.testng.SuiteRunnerWorker.runSuite(SuiteRunnerWorker.java:52)
	at org.testng.SuiteRunnerWorker.run(SuiteRunnerWorker.java:95)
	at org.testng.TestNG.runSuitesSequentially(TestNG.java:1249)
	at org.testng.TestNG.runSuitesLocally(TestNG.java:1169)
	at org.testng.TestNG.runSuites(TestNG.java:1092)
	at org.testng.TestNG.run(TestNG.java:1060)
	at org.testng.remote.AbstractRemoteTestNG.run(AbstractRemoteTestNG.java:115)
	at org.testng.remote.RemoteTestNG.initAndRun(RemoteTestNG.java:251)
	at org.testng.remote.RemoteTestNG.main(RemoteTestNG.java:77)
</pre></div></td>
<td>62</td>
<td>loginTest_WU.LoginTests@23529fee</td></tr>
</table><p>
<table width='100%' border='1' class='invocation-passed'>
<tr><td colspan='4' align='center'><b>PASSED TESTS</b></td></tr>
<tr><td><b>Test method</b></td>
<td width="30%"><b>Exception</b></td>
<td width="10%"><b>Time (seconds)</b></td>
<td><b>Instance</b></td>
</tr>
<tr>
<td title='loginTest_WU.LoginTests.test_isUserNameFieldDisplayed()'><b>test_isUserNameFieldDisplayed</b><br>Test class: loginTest_WU.LoginTests<br/>
<a href="#Output-1967434886" onClick='toggleBox("Output-1967434886", this, "Show output", "Hide output");'>Show output</a>

<a href="#Output-1967434886" onClick="toggleAllBoxes();">Show all outputs</a>
<div class='log' id="Output-1967434886">
test_isUserNameFieldDisplayed : Pass<br/>
</div>
</td>
<td></td>
<td>0</td>
<td>loginTest_WU.LoginTests@23529fee</td></tr>
<tr>
<td title='loginTest_WU.LoginTests.login_WishupApp()'><b>login_WishupApp</b><br>Test class: loginTest_WU.LoginTests<br>Parameters: wishup_testuser3@gmail.com, testpw3, valid log cred<br/>
<a href="#Output-105393903" onClick='toggleBox("Output-105393903", this, "Show output", "Hide output");'>Show output</a>

<a href="#Output-105393903" onClick="toggleAllBoxes();">Show all outputs</a>
<div class='log' id="Output-105393903">
Wishup Login Credentials Valid<br/>
</div>
</td>
<td></td>
<td>11</td>
<td>loginTest_WU.LoginTests@23529fee</td></tr>
<tr>
<td title='loginTest_WU.LoginTests.test_SignInWithGoogleLink()'><b>test_SignInWithGoogleLink</b><br>Test class: loginTest_WU.LoginTests<br/>
<a href="#Output-529621529" onClick='toggleBox("Output-529621529", this, "Show output", "Hide output");'>Show output</a>

<a href="#Output-529621529" onClick="toggleAllBoxes();">Show all outputs</a>
<div class='log' id="Output-529621529">
test_SignInWithGoogleLink : Pass<br/>
</div>
</td>
<td></td>
<td>9</td>
<td>loginTest_WU.LoginTests@23529fee</td></tr>
<tr>
<td title='loginTest_WU.LoginTests.login_WishupApp()'><b>login_WishupApp</b><br>Test class: loginTest_WU.LoginTests<br>Parameters: wishup_testuser4@gmail.com, testpw4, valid log cred<br/>
<a href="#Output-112200409" onClick='toggleBox("Output-112200409", this, "Show output", "Hide output");'>Show output</a>

<a href="#Output-112200409" onClick="toggleAllBoxes();">Show all outputs</a>
<div class='log' id="Output-112200409">
Wishup Login Credentials Valid<br/>
</div>
</td>
<td></td>
<td>8</td>
<td>loginTest_WU.LoginTests@23529fee</td></tr>
<tr>
<td title='loginTest_WU.LoginTests.test_pageTitle_Validation()'><b>test_pageTitle_Validation</b><br>Test class: loginTest_WU.LoginTests<br/>
<a href="#Output-339933064" onClick='toggleBox("Output-339933064", this, "Show output", "Hide output");'>Show output</a>

<a href="#Output-339933064" onClick="toggleAllBoxes();">Show all outputs</a>
<div class='log' id="Output-339933064">
pageTitle_Validation : Pass<br/>
</div>
</td>
<td></td>
<td>0</td>
<td>loginTest_WU.LoginTests@23529fee</td></tr>
<tr>
<td title='loginTest_WU.LoginTests.test_isLoginBtnEnabled()'><b>test_isLoginBtnEnabled</b><br>Test class: loginTest_WU.LoginTests<br/>
<a href="#Output-2094770768" onClick='toggleBox("Output-2094770768", this, "Show output", "Hide output");'>Show output</a>

<a href="#Output-2094770768" onClick="toggleAllBoxes();">Show all outputs</a>
<div class='log' id="Output-2094770768">
test_isLoginBtnEnabled : Pass<br/>
</div>
</td>
<td></td>
<td>0</td>
<td>loginTest_WU.LoginTests@23529fee</td></tr>
<tr>
<td title='loginTest_WU.LoginTests.test_isSingnupBtnDisplayed()'><b>test_isSingnupBtnDisplayed</b><br>Test class: loginTest_WU.LoginTests<br/>
<a href="#Output-1211827856" onClick='toggleBox("Output-1211827856", this, "Show output", "Hide output");'>Show output</a>

<a href="#Output-1211827856" onClick="toggleAllBoxes();">Show all outputs</a>
<div class='log' id="Output-1211827856">
test_isSingnupBtnDisplayed : Pass<br/>
</div>
</td>
<td></td>
<td>0</td>
<td>loginTest_WU.LoginTests@23529fee</td></tr>
<tr>
<td title='loginTest_WU.LoginTests.test_isForgotPwdLinkEnable()'><b>test_isForgotPwdLinkEnable</b><br>Test class: loginTest_WU.LoginTests<br/>
<a href="#Output-15429318" onClick='toggleBox("Output-15429318", this, "Show output", "Hide output");'>Show output</a>

<a href="#Output-15429318" onClick="toggleAllBoxes();">Show all outputs</a>
<div class='log' id="Output-15429318">
test_isForgotPwdLinkEnable : Pass<br/>
</div>
</td>
<td></td>
<td>0</td>
<td>loginTest_WU.LoginTests@23529fee</td></tr>
<tr>
<td title='loginTest_WU.LoginTests.WishUp_login_without_Cred()'><b>WishUp_login_without_Cred</b><br>Test class: loginTest_WU.LoginTests<br/>
<a href="#Output-217479224" onClick='toggleBox("Output-217479224", this, "Show output", "Hide output");'>Show output</a>

<a href="#Output-217479224" onClick="toggleAllBoxes();">Show all outputs</a>
<div class='log' id="Output-217479224">
WishUp_login_without_Cred : Pass<br/>
</div>
</td>
<td></td>
<td>4</td>
<td>loginTest_WU.LoginTests@23529fee</td></tr>
<tr>
<td title='loginTest_WU.LoginTests.test_isEmailLabelDisplayed()'><b>test_isEmailLabelDisplayed</b><br>Test class: loginTest_WU.LoginTests<br/>
<a href="#Output-1698674897" onClick='toggleBox("Output-1698674897", this, "Show output", "Hide output");'>Show output</a>

<a href="#Output-1698674897" onClick="toggleAllBoxes();">Show all outputs</a>
<div class='log' id="Output-1698674897">
test_isEmailLabelDisplayed : Pass<br/>
</div>
</td>
<td></td>
<td>0</td>
<td>loginTest_WU.LoginTests@23529fee</td></tr>
<tr>
<td title='loginTest_WU.LoginTests.test_SignupBtn_validation()'><b>test_SignupBtn_validation</b><br>Test class: loginTest_WU.LoginTests<br/>
<a href="#Output-2145921383" onClick='toggleBox("Output-2145921383", this, "Show output", "Hide output");'>Show output</a>

<a href="#Output-2145921383" onClick="toggleAllBoxes();">Show all outputs</a>
<div class='log' id="Output-2145921383">
test_SignupBtn_validation: Pass<br/>
</div>
</td>
<td></td>
<td>7</td>
<td>loginTest_WU.LoginTests@23529fee</td></tr>
<tr>
<td title='loginTest_WU.LoginTests.test_isSingnupLinkDisplayed()'><b>test_isSingnupLinkDisplayed</b><br>Test class: loginTest_WU.LoginTests<br/>
<a href="#Output-1583082378" onClick='toggleBox("Output-1583082378", this, "Show output", "Hide output");'>Show output</a>

<a href="#Output-1583082378" onClick="toggleAllBoxes();">Show all outputs</a>
<div class='log' id="Output-1583082378">
test_isSingnupLinkDisplayed : Pass<br/>
</div>
</td>
<td></td>
<td>0</td>
<td>loginTest_WU.LoginTests@23529fee</td></tr>
<tr>
<td title='loginTest_WU.LoginTests.test_ForgotPasswordLink()'><b>test_ForgotPasswordLink</b><br>Test class: loginTest_WU.LoginTests<br/>
<a href="#Output-1701331644" onClick='toggleBox("Output-1701331644", this, "Show output", "Hide output");'>Show output</a>

<a href="#Output-1701331644" onClick="toggleAllBoxes();">Show all outputs</a>
<div class='log' id="Output-1701331644">
test_ForgotPasswordLink : Pass<br/>
</div>
</td>
<td></td>
<td>4</td>
<td>loginTest_WU.LoginTests@23529fee</td></tr>
<tr>
<td title='loginTest_WU.LoginTests.test_isWishupLogoDisplayed()'><b>test_isWishupLogoDisplayed</b><br>Test class: loginTest_WU.LoginTests<br/>
<a href="#Output-913902572" onClick='toggleBox("Output-913902572", this, "Show output", "Hide output");'>Show output</a>

<a href="#Output-913902572" onClick="toggleAllBoxes();">Show all outputs</a>
<div class='log' id="Output-913902572">
test_isWishupLogoDisplayed : Pass<br/>
</div>
</td>
<td></td>
<td>0</td>
<td>loginTest_WU.LoginTests@23529fee</td></tr>
<tr>
<td title='loginTest_WU.LoginTests.test_PageUrl_Validation()'><b>test_PageUrl_Validation</b><br>Test class: loginTest_WU.LoginTests<br/>
<a href="#Output-848961421" onClick='toggleBox("Output-848961421", this, "Show output", "Hide output");'>Show output</a>

<a href="#Output-848961421" onClick="toggleAllBoxes();">Show all outputs</a>
<div class='log' id="Output-848961421">
test_PageUrl_Validation( : Pass<br/>
</div>
</td>
<td></td>
<td>0</td>
<td>loginTest_WU.LoginTests@23529fee</td></tr>
<tr>
<td title='loginTest_WU.LoginTests.login_WishupApp()'><b>login_WishupApp</b><br>Test class: loginTest_WU.LoginTests<br>Parameters: wishup_testuser2@gmail.com, testpw2, invalid log cred<br/>
<a href="#Output-1746458880" onClick='toggleBox("Output-1746458880", this, "Show output", "Hide output");'>Show output</a>

<a href="#Output-1746458880" onClick="toggleAllBoxes();">Show all outputs</a>
<div class='log' id="Output-1746458880">
Wishup Login Credentials invalid<br/>
</div>
</td>
<td></td>
<td>5</td>
<td>loginTest_WU.LoginTests@23529fee</td></tr>
<tr>
<td title='loginTest_WU.LoginTests.test_isLoginLabelDisplayed()'><b>test_isLoginLabelDisplayed</b><br>Test class: loginTest_WU.LoginTests<br/>
<a href="#Output-126147004" onClick='toggleBox("Output-126147004", this, "Show output", "Hide output");'>Show output</a>

<a href="#Output-126147004" onClick="toggleAllBoxes();">Show all outputs</a>
<div class='log' id="Output-126147004">
test_isLoginLabelDisplayed : Pass<br/>
</div>
</td>
<td></td>
<td>0</td>
<td>loginTest_WU.LoginTests@23529fee</td></tr>
<tr>
<td title='loginTest_WU.LoginTests.test_isPasswordLabelDisplayed()'><b>test_isPasswordLabelDisplayed</b><br>Test class: loginTest_WU.LoginTests<br/>
<a href="#Output-585814865" onClick='toggleBox("Output-585814865", this, "Show output", "Hide output");'>Show output</a>

<a href="#Output-585814865" onClick="toggleAllBoxes();">Show all outputs</a>
<div class='log' id="Output-585814865">
test_isPasswordLabelDisplayed : Pass<br/>
</div>
</td>
<td></td>
<td>0</td>
<td>loginTest_WU.LoginTests@23529fee</td></tr>
<tr>
<td title='loginTest_WU.LoginTests.test_isSignInWithGoogleEnabled()'><b>test_isSignInWithGoogleEnabled</b><br>Test class: loginTest_WU.LoginTests<br/>
<a href="#Output-1835713430" onClick='toggleBox("Output-1835713430", this, "Show output", "Hide output");'>Show output</a>

<a href="#Output-1835713430" onClick="toggleAllBoxes();">Show all outputs</a>
<div class='log' id="Output-1835713430">
test_isSignInWithGoogleEnabled : Pass<br/>
</div>
</td>
<td></td>
<td>0</td>
<td>loginTest_WU.LoginTests@23529fee</td></tr>
<tr>
<td title='loginTest_WU.LoginTests.test_isLoginLinkDisplayed()'><b>test_isLoginLinkDisplayed</b><br>Test class: loginTest_WU.LoginTests<br/>
<a href="#Output-966005897" onClick='toggleBox("Output-966005897", this, "Show output", "Hide output");'>Show output</a>

<a href="#Output-966005897" onClick="toggleAllBoxes();">Show all outputs</a>
<div class='log' id="Output-966005897">
test_isLoginLinkDisplayed : Pass<br/>
</div>
</td>
<td></td>
<td>0</td>
<td>loginTest_WU.LoginTests@23529fee</td></tr>
<tr>
<td title='loginTest_WU.LoginTests.test_isPasswordFieldDisplayed()'><b>test_isPasswordFieldDisplayed</b><br>Test class: loginTest_WU.LoginTests<br/>
<a href="#Output-1071245351" onClick='toggleBox("Output-1071245351", this, "Show output", "Hide output");'>Show output</a>

<a href="#Output-1071245351" onClick="toggleAllBoxes();">Show all outputs</a>
<div class='log' id="Output-1071245351">
test_ispasswordFielDisplayed : Pass<br/>
</div>
</td>
<td></td>
<td>0</td>
<td>loginTest_WU.LoginTests@23529fee</td></tr>
</table><p>
</body>
</html>