<?xml version="1.0" encoding="UTF-8"?>
<!-- Generated by org.testng.reporters.JUnitReportReporter -->
<testsuite skipped="22" hostname="BHAGYESH-VAIO" name="loginTest_WU.LoginTests2" tests="24" failures="0" timestamp="2022-08-12T12:14:17 IST" time="96.622" errors="2">
  <testcase name="login_WishupApp" time="96.457" classname="loginTest_WU.LoginTests2">
    <skipped/>
  </testcase> <!-- login_WishupApp -->
  <system-out/>
  <testcase name="login_WishupApp" time="0.164" classname="loginTest_WU.LoginTests2">
    <error type="java.lang.NullPointerException">
      <![CDATA[java.lang.NullPointerException
at org.openqa.selenium.support.pagefactory.DefaultElementLocator.findElement(DefaultElementLocator.java:70)
at org.openqa.selenium.support.pagefactory.internal.LocatingElementHandler.invoke(LocatingElementHandler.java:39)
at com.sun.proxy.$Proxy16.sendKeys(Unknown Source)
at loginPage_WU.LoginPage.enterUserName(LoginPage.java:58)
at loginTest_WU.LoginTests2.login_WishupApp(LoginTests2.java:43)
at sun.reflect.NativeMethodAccessorImpl.invoke0(Native Method)
at sun.reflect.NativeMethodAccessorImpl.invoke(NativeMethodAccessorImpl.java:62)
at sun.reflect.DelegatingMethodAccessorImpl.invoke(DelegatingMethodAccessorImpl.java:43)
at java.lang.reflect.Method.invoke(Method.java:498)
at org.testng.internal.invokers.MethodInvocationHelper.invokeMethod(MethodInvocationHelper.java:135)
at org.testng.internal.invokers.TestInvoker.invokeMethod(TestInvoker.java:673)
at org.testng.internal.invokers.TestInvoker.invokeTestMethod(TestInvoker.java:220)
at org.testng.internal.invokers.MethodRunner.runInSequence(MethodRunner.java:50)
at org.testng.internal.invokers.TestInvoker$MethodInvocationAgent.invoke(TestInvoker.java:945)
at org.testng.internal.invokers.TestInvoker.invokeTestMethods(TestInvoker.java:193)
at org.testng.internal.invokers.TestMethodWorker.invokeTestMethods(TestMethodWorker.java:146)
at org.testng.internal.invokers.TestMethodWorker.run(TestMethodWorker.java:128)
at java.util.ArrayList.forEach(ArrayList.java:1259)
at org.testng.TestRunner.privateRun(TestRunner.java:808)
at org.testng.TestRunner.run(TestRunner.java:603)
at org.testng.SuiteRunner.runTest(SuiteRunner.java:429)
at org.testng.SuiteRunner.runSequentially(SuiteRunner.java:423)
at org.testng.SuiteRunner.privateRun(SuiteRunner.java:383)
at org.testng.SuiteRunner.run(SuiteRunner.java:326)
at org.testng.SuiteRunnerWorker.runSuite(SuiteRunnerWorker.java:52)
at org.testng.SuiteRunnerWorker.run(SuiteRunnerWorker.java:95)
at org.testng.TestNG.runSuitesSequentially(TestNG.java:1249)
at org.testng.TestNG.runSuitesLocally(TestNG.java:1169)
at org.testng.TestNG.runSuites(TestNG.java:1092)
at org.testng.TestNG.run(TestNG.java:1060)
at org.testng.remote.AbstractRemoteTestNG.run(AbstractRemoteTestNG.java:115)
at org.testng.remote.RemoteTestNG.initAndRun(RemoteTestNG.java:251)
at org.testng.remote.RemoteTestNG.main(RemoteTestNG.java:77)
]]>
    </error>
  </testcase> <!-- login_WishupApp -->
  <system-out/>
  <testcase name="login_WishupApp" time="0.000" classname="loginTest_WU.LoginTests2">
    <skipped/>
  </testcase> <!-- login_WishupApp -->
  <system-out/>
  <testcase name="login_WishupApp" time="0.000" classname="loginTest_WU.LoginTests2">
    <skipped/>
  </testcase> <!-- login_WishupApp -->
  <system-out/>
  <testcase name="closeBrowser" time="0.001" classname="loginTest_WU.LoginTests2">
    <error type="java.lang.NullPointerException">
      <![CDATA[java.lang.NullPointerException
at loginTest_WU.LoginTests2.closeBrowser(LoginTests2.java:273)
at sun.reflect.NativeMethodAccessorImpl.invoke0(Native Method)
at sun.reflect.NativeMethodAccessorImpl.invoke(NativeMethodAccessorImpl.java:62)
at sun.reflect.DelegatingMethodAccessorImpl.invoke(DelegatingMethodAccessorImpl.java:43)
at java.lang.reflect.Method.invoke(Method.java:498)
at org.testng.internal.invokers.MethodInvocationHelper.invokeMethod(MethodInvocationHelper.java:135)
at org.testng.internal.invokers.MethodInvocationHelper.invokeMethodConsideringTimeout(MethodInvocationHelper.java:65)
at org.testng.internal.invokers.ConfigInvoker.invokeConfigurationMethod(ConfigInvoker.java:381)
at org.testng.internal.invokers.ConfigInvoker.invokeConfigurations(ConfigInvoker.java:319)
at org.testng.internal.invokers.TestInvoker.runConfigMethods(TestInvoker.java:803)
at org.testng.internal.invokers.TestInvoker.runAfterConfigurations(TestInvoker.java:772)
at org.testng.internal.invokers.TestInvoker.invokeMethod(TestInvoker.java:748)
at org.testng.internal.invokers.TestInvoker.invokeTestMethod(TestInvoker.java:220)
at org.testng.internal.invokers.MethodRunner.runInSequence(MethodRunner.java:50)
at org.testng.internal.invokers.TestInvoker$MethodInvocationAgent.invoke(TestInvoker.java:945)
at org.testng.internal.invokers.TestInvoker.invokeTestMethods(TestInvoker.java:193)
at org.testng.internal.invokers.TestMethodWorker.invokeTestMethods(TestMethodWorker.java:146)
at org.testng.internal.invokers.TestMethodWorker.run(TestMethodWorker.java:128)
at java.util.ArrayList.forEach(ArrayList.java:1259)
at org.testng.TestRunner.privateRun(TestRunner.java:808)
at org.testng.TestRunner.run(TestRunner.java:603)
at org.testng.SuiteRunner.runTest(SuiteRunner.java:429)
at org.testng.SuiteRunner.runSequentially(SuiteRunner.java:423)
at org.testng.SuiteRunner.privateRun(SuiteRunner.java:383)
at org.testng.SuiteRunner.run(SuiteRunner.java:326)
at org.testng.SuiteRunnerWorker.runSuite(SuiteRunnerWorker.java:52)
at org.testng.SuiteRunnerWorker.run(SuiteRunnerWorker.java:95)
at org.testng.TestNG.runSuitesSequentially(TestNG.java:1249)
at org.testng.TestNG.runSuitesLocally(TestNG.java:1169)
at org.testng.TestNG.runSuites(TestNG.java:1092)
at org.testng.TestNG.run(TestNG.java:1060)
at org.testng.remote.AbstractRemoteTestNG.run(AbstractRemoteTestNG.java:115)
at org.testng.remote.RemoteTestNG.initAndRun(RemoteTestNG.java:251)
at org.testng.remote.RemoteTestNG.main(RemoteTestNG.java:77)
]]>
    </error>
  </testcase> <!-- closeBrowser -->
  <system-out/>
  <testcase name="test_Login_Page_Url" time="0.000" classname="loginTest_WU.LoginTests2">
    <skipped/>
  </testcase> <!-- test_Login_Page_Url -->
  <system-out/>
  <testcase name="pageTitle_Validation" time="0.000" classname="loginTest_WU.LoginTests2">
    <skipped/>
  </testcase> <!-- pageTitle_Validation -->
  <system-out/>
  <testcase name="test_Signup_Button" time="0.000" classname="loginTest_WU.LoginTests2">
    <skipped/>
  </testcase> <!-- test_Signup_Button -->
  <system-out/>
  <testcase name="test_isUserNameFieldDisplayed" time="0.000" classname="loginTest_WU.LoginTests2">
    <skipped/>
  </testcase> <!-- test_isUserNameFieldDisplayed -->
  <system-out/>
  <testcase name="test_ispasswordFielDisplayed" time="0.000" classname="loginTest_WU.LoginTests2">
    <skipped/>
  </testcase> <!-- test_ispasswordFielDisplayed -->
  <system-out/>
  <testcase name="tes_tisLoginButtonDisplayed" time="0.000" classname="loginTest_WU.LoginTests2">
    <skipped/>
  </testcase> <!-- tes_tisLoginButtonDisplayed -->
  <system-out/>
  <testcase name="test_isForgotPassLinkDisplayed" time="0.000" classname="loginTest_WU.LoginTests2">
    <skipped/>
  </testcase> <!-- test_isForgotPassLinkDisplayed -->
  <system-out/>
  <testcase name="test_isSingnupButtonDisplayed" time="0.000" classname="loginTest_WU.LoginTests2">
    <skipped/>
  </testcase> <!-- test_isSingnupButtonDisplayed -->
  <system-out/>
  <testcase name="test_isSingnupLinkDisplayed" time="0.000" classname="loginTest_WU.LoginTests2">
    <skipped/>
  </testcase> <!-- test_isSingnupLinkDisplayed -->
  <system-out/>
  <testcase name="test_isWishupImageLinkDisplayed" time="0.000" classname="loginTest_WU.LoginTests2">
    <skipped/>
  </testcase> <!-- test_isWishupImageLinkDisplayed -->
  <system-out/>
  <testcase name="test_isLoginLinkDisplayed" time="0.000" classname="loginTest_WU.LoginTests2">
    <skipped/>
  </testcase> <!-- test_isLoginLinkDisplayed -->
  <system-out/>
  <testcase name="test_isSignInwithGoogleLinkDisplayed" time="0.000" classname="loginTest_WU.LoginTests2">
    <skipped/>
  </testcase> <!-- test_isSignInwithGoogleLinkDisplayed -->
  <system-out/>
  <testcase name="test_isEmailLabelDisplayed" time="0.000" classname="loginTest_WU.LoginTests2">
    <skipped/>
  </testcase> <!-- test_isEmailLabelDisplayed -->
  <system-out/>
  <testcase name="test_isPasswordLabelDisplayed" time="0.000" classname="loginTest_WU.LoginTests2">
    <skipped/>
  </testcase> <!-- test_isPasswordLabelDisplayed -->
  <system-out/>
  <testcase name="test_isLoginLabelDisplayed" time="0.000" classname="loginTest_WU.LoginTests2">
    <skipped/>
  </testcase> <!-- test_isLoginLabelDisplayed -->
  <system-out/>
  <testcase name="test_SignInWithGoogleLink" time="0.000" classname="loginTest_WU.LoginTests2">
    <skipped/>
  </testcase> <!-- test_SignInWithGoogleLink -->
  <system-out/>
  <testcase name="test_ForgotPasswordLink" time="0.000" classname="loginTest_WU.LoginTests2">
    <skipped/>
  </testcase> <!-- test_ForgotPasswordLink -->
  <system-out/>
  <testcase name="test_SignUpButton" time="0.000" classname="loginTest_WU.LoginTests2">
    <skipped/>
  </testcase> <!-- test_SignUpButton -->
  <system-out/>
  <testcase name="test_SignUpLink" time="0.000" classname="loginTest_WU.LoginTests2">
    <skipped/>
  </testcase> <!-- test_SignUpLink -->
  <system-out/>
</testsuite> <!-- loginTest_WU.LoginTests2 -->
